[2022-06-26 20:48:36.440] [exthost] [info] Extension host with pid 24456 started
[2022-06-26 20:48:36.735] [exthost] [info] ExtensionService#_doActivateExtension vscode.microsoft-authentication, startup: false, activationEvent: 'onAuthenticationRequest:microsoft'
[2022-06-26 20:48:36.985] [exthost] [info] ExtensionService#_doActivateExtension vscode.debug-auto-launch, startup: true, activationEvent: '*'
[2022-06-26 20:48:37.006] [exthost] [info] ExtensionService#_doActivateExtension vscode.git-base, startup: true, activationEvent: '*', root cause: vscode.git
[2022-06-26 20:48:37.018] [exthost] [info] ExtensionService#_doActivateExtension vscode.ipynb, startup: true, activationEvent: '*'
[2022-06-26 20:48:37.163] [exthost] [info] ExtensionService#_doActivateExtension vscode.git, startup: true, activationEvent: '*'
[2022-06-26 20:48:37.343] [exthost] [info] ExtensionService#_doActivateExtension vscode.github, startup: true, activationEvent: '*'
[2022-06-26 20:48:37.462] [exthost] [info] Eager extensions activated
[2022-06-26 20:48:37.469] [exthost] [info] ExtensionService#_doActivateExtension vscode.github-authentication, startup: false, activationEvent: 'onAuthenticationRequest:github'
[2022-06-26 20:48:37.549] [exthost] [info] ExtensionService#_doActivateExtension vscode.emmet, startup: false, activationEvent: 'onStartupFinished'
[2022-06-26 20:48:37.576] [exthost] [info] ExtensionService#_doActivateExtension vscode.merge-conflict, startup: false, activationEvent: 'onStartupFinished'
[2022-06-26 20:48:54.808] [exthost] [info] Extension host terminating: received terminate message from renderer
[2022-06-26 20:48:54.820] [exthost] [info] Extension host with pid 24456 exiting with code 0
[2022-06-26 20:48:57.157] [exthost] [info] Extension host with pid 24522 started
[2022-06-26 20:48:57.157] [exthost] [info] Skipping acquiring lock for /home/mqh/.config/Code/User/workspaceStorage/06daf37f951ae103af36d8ee3b27a1d3.
[2022-06-26 20:48:57.300] [exthost] [info] ExtensionService#_doActivateExtension vscode.microsoft-authentication, startup: false, activationEvent: 'onAuthenticationRequest:microsoft'
[2022-06-26 20:48:57.365] [exthost] [info] ExtensionService#_doActivateExtension vscode.debug-auto-launch, startup: true, activationEvent: '*'
[2022-06-26 20:48:57.373] [exthost] [info] ExtensionService#_doActivateExtension vscode.git-base, startup: true, activationEvent: '*'
[2022-06-26 20:48:57.379] [exthost] [info] ExtensionService#_doActivateExtension vscode.ipynb, startup: true, activationEvent: '*'
[2022-06-26 20:48:57.422] [exthost] [info] ExtensionService#_doActivateExtension vscode.github, startup: true, activationEvent: '*'
[2022-06-26 20:48:57.431] [exthost] [info] Eager extensions activated
[2022-06-26 20:48:57.438] [exthost] [info] ExtensionService#_doActivateExtension vscode.emmet, startup: false, activationEvent: 'onStartupFinished'
[2022-06-26 20:48:57.444] [exthost] [info] ExtensionService#_doActivateExtension vscode.merge-conflict, startup: false, activationEvent: 'onStartupFinished'
[2022-06-26 20:48:57.490] [exthost] [info] ExtensionService#_doActivateExtension vscode.github-authentication, startup: false, activationEvent: 'onAuthenticationRequest:github'
[2022-06-26 20:48:58.026] [exthost] [info] ExtensionService#_doActivateExtension vscode.git, startup: false, activationEvent: 'api', root cause: vscode.github
[2022-06-26 21:27:37.503] [exthost] [info] ExtensionService#_doActivateExtension esbenp.prettier-vscode, startup: false, activationEvent: 'onStartupFinished'
[2022-06-26 21:28:08.749] [exthost] [info] ExtensionService#_doActivateExtension sumneko.lua, startup: false, activationEvent: 'onLanguage:lua'
[2022-06-26 21:30:15.399] [exthost] [warning] sumneko.lua - Code actions of kind 'quickfix 'requested but returned code action is of kind 'refactor.rewrite'. Code action will be dropped. Please check 'CodeActionContext.only' to only return requested code actions.
[2022-06-26 21:30:52.556] [exthost] [warning] sumneko.lua - Code actions of kind 'quickfix 'requested but returned code action is of kind 'refactor.rewrite'. Code action will be dropped. Please check 'CodeActionContext.only' to only return requested code actions.
