[2022-06-27 14:59:56.543] [renderer1] [warning] [/home/mqh/.vscode/extensions/sumneko.lua-3.3.1-linux-x64]: Couldn't find message for key config.diagnostics.await-in-sync.
[2022-06-27 14:59:56.544] [renderer1] [warning] [/home/mqh/.vscode/extensions/sumneko.lua-3.3.1-linux-x64]: Couldn't find message for key config.diagnostics.circle-doc-class.
[2022-06-27 14:59:56.545] [renderer1] [warning] [/home/mqh/.vscode/extensions/sumneko.lua-3.3.1-linux-x64]: Couldn't find message for key config.diagnostics.close-non-object.
[2022-06-27 14:59:56.548] [renderer1] [warning] [/home/mqh/.vscode/extensions/sumneko.lua-3.3.1-linux-x64]: Couldn't find message for key config.diagnostics.code-after-break.
[2022-06-27 14:59:56.552] [renderer1] [warning] [/home/mqh/.vscode/extensions/sumneko.lua-3.3.1-linux-x64]: Couldn't find message for key config.diagnostics.codestyle-check.
[2022-06-27 14:59:56.555] [renderer1] [warning] [/home/mqh/.vscode/extensions/sumneko.lua-3.3.1-linux-x64]: Couldn't find message for key config.diagnostics.count-down-loop.
[2022-06-27 14:59:56.556] [renderer1] [warning] [/home/mqh/.vscode/extensions/sumneko.lua-3.3.1-linux-x64]: Couldn't find message for key config.diagnostics.deprecated.
[2022-06-27 14:59:56.558] [renderer1] [warning] [/home/mqh/.vscode/extensions/sumneko.lua-3.3.1-linux-x64]: Couldn't find message for key config.diagnostics.different-requires.
[2022-06-27 14:59:56.560] [renderer1] [warning] [/home/mqh/.vscode/extensions/sumneko.lua-3.3.1-linux-x64]: Couldn't find message for key config.diagnostics.discard-returns.
[2022-06-27 14:59:56.564] [renderer1] [warning] [/home/mqh/.vscode/extensions/sumneko.lua-3.3.1-linux-x64]: Couldn't find message for key config.diagnostics.doc-field-no-class.
[2022-06-27 14:59:56.564] [renderer1] [warning] [/home/mqh/.vscode/extensions/sumneko.lua-3.3.1-linux-x64]: Couldn't find message for key config.diagnostics.duplicate-doc-alias.
[2022-06-27 14:59:56.565] [renderer1] [warning] [/home/mqh/.vscode/extensions/sumneko.lua-3.3.1-linux-x64]: Couldn't find message for key config.diagnostics.duplicate-doc-field.
[2022-06-27 14:59:56.566] [renderer1] [warning] [/home/mqh/.vscode/extensions/sumneko.lua-3.3.1-linux-x64]: Couldn't find message for key config.diagnostics.duplicate-doc-param.
[2022-06-27 14:59:56.566] [renderer1] [warning] [/home/mqh/.vscode/extensions/sumneko.lua-3.3.1-linux-x64]: Couldn't find message for key config.diagnostics.duplicate-set-field.
[2022-06-27 14:59:56.567] [renderer1] [warning] [/home/mqh/.vscode/extensions/sumneko.lua-3.3.1-linux-x64]: Couldn't find message for key config.diagnostics.missing-parameter.
[2022-06-27 14:59:56.567] [renderer1] [warning] [/home/mqh/.vscode/extensions/sumneko.lua-3.3.1-linux-x64]: Couldn't find message for key config.diagnostics.need-check-nil.
[2022-06-27 14:59:56.568] [renderer1] [warning] [/home/mqh/.vscode/extensions/sumneko.lua-3.3.1-linux-x64]: Couldn't find message for key config.diagnostics.no-unknown.
[2022-06-27 14:59:56.568] [renderer1] [warning] [/home/mqh/.vscode/extensions/sumneko.lua-3.3.1-linux-x64]: Couldn't find message for key config.diagnostics.not-yieldable.
[2022-06-27 14:59:56.569] [renderer1] [warning] [/home/mqh/.vscode/extensions/sumneko.lua-3.3.1-linux-x64]: Couldn't find message for key config.diagnostics.redundant-return.
[2022-06-27 14:59:56.572] [renderer1] [warning] [/home/mqh/.vscode/extensions/sumneko.lua-3.3.1-linux-x64]: Couldn't find message for key config.diagnostics.spell-check.
[2022-06-27 14:59:56.574] [renderer1] [warning] [/home/mqh/.vscode/extensions/sumneko.lua-3.3.1-linux-x64]: Couldn't find message for key config.diagnostics.type-check.
[2022-06-27 14:59:56.575] [renderer1] [warning] [/home/mqh/.vscode/extensions/sumneko.lua-3.3.1-linux-x64]: Couldn't find message for key config.diagnostics.unbalanced-assignments.
[2022-06-27 14:59:56.577] [renderer1] [warning] [/home/mqh/.vscode/extensions/sumneko.lua-3.3.1-linux-x64]: Couldn't find message for key config.diagnostics.undefined-doc-class.
[2022-06-27 14:59:56.579] [renderer1] [warning] [/home/mqh/.vscode/extensions/sumneko.lua-3.3.1-linux-x64]: Couldn't find message for key config.diagnostics.undefined-doc-name.
[2022-06-27 14:59:56.580] [renderer1] [warning] [/home/mqh/.vscode/extensions/sumneko.lua-3.3.1-linux-x64]: Couldn't find message for key config.diagnostics.undefined-doc-param.
[2022-06-27 14:59:56.580] [renderer1] [warning] [/home/mqh/.vscode/extensions/sumneko.lua-3.3.1-linux-x64]: Couldn't find message for key config.diagnostics.undefined-field.
[2022-06-27 14:59:56.581] [renderer1] [warning] [/home/mqh/.vscode/extensions/sumneko.lua-3.3.1-linux-x64]: Couldn't find message for key config.diagnostics.unknown-diag-code.
[2022-06-27 14:59:56.581] [renderer1] [warning] [/home/mqh/.vscode/extensions/sumneko.lua-3.3.1-linux-x64]: Couldn't find message for key config.diagnostics.await-in-sync.
[2022-06-27 14:59:56.582] [renderer1] [warning] [/home/mqh/.vscode/extensions/sumneko.lua-3.3.1-linux-x64]: Couldn't find message for key config.diagnostics.circle-doc-class.
[2022-06-27 14:59:56.582] [renderer1] [warning] [/home/mqh/.vscode/extensions/sumneko.lua-3.3.1-linux-x64]: Couldn't find message for key config.diagnostics.close-non-object.
[2022-06-27 14:59:56.583] [renderer1] [warning] [/home/mqh/.vscode/extensions/sumneko.lua-3.3.1-linux-x64]: Couldn't find message for key config.diagnostics.code-after-break.
[2022-06-27 14:59:56.583] [renderer1] [warning] [/home/mqh/.vscode/extensions/sumneko.lua-3.3.1-linux-x64]: Couldn't find message for key config.diagnostics.codestyle-check.
[2022-06-27 14:59:56.584] [renderer1] [warning] [/home/mqh/.vscode/extensions/sumneko.lua-3.3.1-linux-x64]: Couldn't find message for key config.diagnostics.count-down-loop.
[2022-06-27 14:59:56.584] [renderer1] [warning] [/home/mqh/.vscode/extensions/sumneko.lua-3.3.1-linux-x64]: Couldn't find message for key config.diagnostics.deprecated.
[2022-06-27 14:59:56.585] [renderer1] [warning] [/home/mqh/.vscode/extensions/sumneko.lua-3.3.1-linux-x64]: Couldn't find message for key config.diagnostics.different-requires.
[2022-06-27 14:59:56.585] [renderer1] [warning] [/home/mqh/.vscode/extensions/sumneko.lua-3.3.1-linux-x64]: Couldn't find message for key config.diagnostics.discard-returns.
[2022-06-27 14:59:56.586] [renderer1] [warning] [/home/mqh/.vscode/extensions/sumneko.lua-3.3.1-linux-x64]: Couldn't find message for key config.diagnostics.doc-field-no-class.
[2022-06-27 14:59:56.586] [renderer1] [warning] [/home/mqh/.vscode/extensions/sumneko.lua-3.3.1-linux-x64]: Couldn't find message for key config.diagnostics.duplicate-doc-alias.
[2022-06-27 14:59:56.586] [renderer1] [warning] [/home/mqh/.vscode/extensions/sumneko.lua-3.3.1-linux-x64]: Couldn't find message for key config.diagnostics.duplicate-doc-field.
[2022-06-27 14:59:56.587] [renderer1] [warning] [/home/mqh/.vscode/extensions/sumneko.lua-3.3.1-linux-x64]: Couldn't find message for key config.diagnostics.duplicate-doc-param.
[2022-06-27 14:59:56.587] [renderer1] [warning] [/home/mqh/.vscode/extensions/sumneko.lua-3.3.1-linux-x64]: Couldn't find message for key config.diagnostics.duplicate-set-field.
[2022-06-27 14:59:56.587] [renderer1] [warning] [/home/mqh/.vscode/extensions/sumneko.lua-3.3.1-linux-x64]: Couldn't find message for key config.diagnostics.missing-parameter.
[2022-06-27 14:59:56.588] [renderer1] [warning] [/home/mqh/.vscode/extensions/sumneko.lua-3.3.1-linux-x64]: Couldn't find message for key config.diagnostics.need-check-nil.
[2022-06-27 14:59:56.588] [renderer1] [warning] [/home/mqh/.vscode/extensions/sumneko.lua-3.3.1-linux-x64]: Couldn't find message for key config.diagnostics.no-unknown.
[2022-06-27 14:59:56.589] [renderer1] [warning] [/home/mqh/.vscode/extensions/sumneko.lua-3.3.1-linux-x64]: Couldn't find message for key config.diagnostics.not-yieldable.
[2022-06-27 14:59:56.589] [renderer1] [warning] [/home/mqh/.vscode/extensions/sumneko.lua-3.3.1-linux-x64]: Couldn't find message for key config.diagnostics.redundant-return.
[2022-06-27 14:59:56.589] [renderer1] [warning] [/home/mqh/.vscode/extensions/sumneko.lua-3.3.1-linux-x64]: Couldn't find message for key config.diagnostics.spell-check.
[2022-06-27 14:59:56.590] [renderer1] [warning] [/home/mqh/.vscode/extensions/sumneko.lua-3.3.1-linux-x64]: Couldn't find message for key config.diagnostics.type-check.
[2022-06-27 14:59:56.591] [renderer1] [warning] [/home/mqh/.vscode/extensions/sumneko.lua-3.3.1-linux-x64]: Couldn't find message for key config.diagnostics.unbalanced-assignments.
[2022-06-27 14:59:56.591] [renderer1] [warning] [/home/mqh/.vscode/extensions/sumneko.lua-3.3.1-linux-x64]: Couldn't find message for key config.diagnostics.undefined-doc-class.
[2022-06-27 14:59:56.591] [renderer1] [warning] [/home/mqh/.vscode/extensions/sumneko.lua-3.3.1-linux-x64]: Couldn't find message for key config.diagnostics.undefined-doc-name.
[2022-06-27 14:59:56.592] [renderer1] [warning] [/home/mqh/.vscode/extensions/sumneko.lua-3.3.1-linux-x64]: Couldn't find message for key config.diagnostics.undefined-doc-param.
[2022-06-27 14:59:56.593] [renderer1] [warning] [/home/mqh/.vscode/extensions/sumneko.lua-3.3.1-linux-x64]: Couldn't find message for key config.diagnostics.undefined-field.
[2022-06-27 14:59:56.593] [renderer1] [warning] [/home/mqh/.vscode/extensions/sumneko.lua-3.3.1-linux-x64]: Couldn't find message for key config.diagnostics.unknown-diag-code.
[2022-06-27 14:59:56.594] [renderer1] [warning] [/home/mqh/.vscode/extensions/sumneko.lua-3.3.1-linux-x64]: Couldn't find message for key config.format.defaultConfig.
[2022-06-27 14:59:56.594] [renderer1] [warning] [/home/mqh/.vscode/extensions/sumneko.lua-3.3.1-linux-x64]: Couldn't find message for key config.runtime.builtin.basic.
[2022-06-27 14:59:56.595] [renderer1] [warning] [/home/mqh/.vscode/extensions/sumneko.lua-3.3.1-linux-x64]: Couldn't find message for key config.runtime.builtin.bit.
[2022-06-27 14:59:56.595] [renderer1] [warning] [/home/mqh/.vscode/extensions/sumneko.lua-3.3.1-linux-x64]: Couldn't find message for key config.runtime.builtin.bit32.
[2022-06-27 14:59:56.596] [renderer1] [warning] [/home/mqh/.vscode/extensions/sumneko.lua-3.3.1-linux-x64]: Couldn't find message for key config.runtime.builtin.builtin.
[2022-06-27 14:59:56.596] [renderer1] [warning] [/home/mqh/.vscode/extensions/sumneko.lua-3.3.1-linux-x64]: Couldn't find message for key config.runtime.builtin.coroutine.
[2022-06-27 14:59:56.597] [renderer1] [warning] [/home/mqh/.vscode/extensions/sumneko.lua-3.3.1-linux-x64]: Couldn't find message for key config.runtime.builtin.debug.
[2022-06-27 14:59:56.597] [renderer1] [warning] [/home/mqh/.vscode/extensions/sumneko.lua-3.3.1-linux-x64]: Couldn't find message for key config.runtime.builtin.ffi.
[2022-06-27 14:59:56.598] [renderer1] [warning] [/home/mqh/.vscode/extensions/sumneko.lua-3.3.1-linux-x64]: Couldn't find message for key config.runtime.builtin.io.
[2022-06-27 14:59:56.598] [renderer1] [warning] [/home/mqh/.vscode/extensions/sumneko.lua-3.3.1-linux-x64]: Couldn't find message for key config.runtime.builtin.jit.
[2022-06-27 14:59:56.599] [renderer1] [warning] [/home/mqh/.vscode/extensions/sumneko.lua-3.3.1-linux-x64]: Couldn't find message for key config.runtime.builtin.math.
[2022-06-27 14:59:56.600] [renderer1] [warning] [/home/mqh/.vscode/extensions/sumneko.lua-3.3.1-linux-x64]: Couldn't find message for key config.runtime.builtin.os.
[2022-06-27 14:59:56.600] [renderer1] [warning] [/home/mqh/.vscode/extensions/sumneko.lua-3.3.1-linux-x64]: Couldn't find message for key config.runtime.builtin.package.
[2022-06-27 14:59:56.601] [renderer1] [warning] [/home/mqh/.vscode/extensions/sumneko.lua-3.3.1-linux-x64]: Couldn't find message for key config.runtime.builtin.string.
[2022-06-27 14:59:56.602] [renderer1] [warning] [/home/mqh/.vscode/extensions/sumneko.lua-3.3.1-linux-x64]: Couldn't find message for key config.runtime.builtin.table.
[2022-06-27 14:59:56.602] [renderer1] [warning] [/home/mqh/.vscode/extensions/sumneko.lua-3.3.1-linux-x64]: Couldn't find message for key config.runtime.builtin.utf8.
[2022-06-27 14:59:56.603] [renderer1] [warning] [/home/mqh/.vscode/extensions/sumneko.lua-3.3.1-linux-x64]: Couldn't find message for key config.runtime.fileEncoding.utf8.
[2022-06-27 14:59:56.603] [renderer1] [warning] [/home/mqh/.vscode/extensions/sumneko.lua-3.3.1-linux-x64]: Couldn't find message for key config.runtime.fileEncoding.ansi.
[2022-06-27 14:59:56.604] [renderer1] [warning] [/home/mqh/.vscode/extensions/sumneko.lua-3.3.1-linux-x64]: Couldn't find message for key config.runtime.fileEncoding.utf16le.
[2022-06-27 14:59:56.604] [renderer1] [warning] [/home/mqh/.vscode/extensions/sumneko.lua-3.3.1-linux-x64]: Couldn't find message for key config.runtime.fileEncoding.utf16be.
[2022-06-27 14:59:56.605] [renderer1] [warning] [/home/mqh/.vscode/extensions/sumneko.lua-3.3.1-linux-x64]: Couldn't find message for key config.runtime.meta.
[2022-06-27 14:59:56.605] [renderer1] [warning] [/home/mqh/.vscode/extensions/sumneko.lua-3.3.1-linux-x64]: Couldn't find message for key config.runtime.version.Lua 5.1.
[2022-06-27 14:59:56.606] [renderer1] [warning] [/home/mqh/.vscode/extensions/sumneko.lua-3.3.1-linux-x64]: Couldn't find message for key config.runtime.version.Lua 5.2.
[2022-06-27 14:59:56.606] [renderer1] [warning] [/home/mqh/.vscode/extensions/sumneko.lua-3.3.1-linux-x64]: Couldn't find message for key config.runtime.version.Lua 5.3.
[2022-06-27 14:59:56.607] [renderer1] [warning] [/home/mqh/.vscode/extensions/sumneko.lua-3.3.1-linux-x64]: Couldn't find message for key config.runtime.version.Lua 5.4.
[2022-06-27 14:59:56.608] [renderer1] [warning] [/home/mqh/.vscode/extensions/sumneko.lua-3.3.1-linux-x64]: Couldn't find message for key config.runtime.version.LuaJIT.
[2022-06-27 14:59:56.608] [renderer1] [warning] [/home/mqh/.vscode/extensions/sumneko.lua-3.3.1-linux-x64]: Couldn't find message for key config.spell.dict.
